[2020-12-20 12:48:51.348] [DESKTOP-1TO8S67 simpleAdmin] [INFO ] [main]([com.scaffold.simple.admin.SimpleAdminService:]) Starting SimpleAdminService on DESKTOP-1TO8S67 with PID 1088 (D:\github\simpleadmin\target\classes started by Administrator in D:\github\simpleadmin) 
[2020-12-20 12:48:51.378] [DESKTOP-1TO8S67 simpleAdmin] [INFO ] [main]([com.scaffold.simple.admin.SimpleAdminService:]) No active profile set, falling back to default profiles: default 
[2020-12-20 12:48:53.585] [DESKTOP-1TO8S67 simpleAdmin] [WARN ] [main]([org.mybatis.spring.mapper.ClassPathMapperScanner:]) No MyBatis mapper was found in '[com.scaffold.simple.admin]' package. Please check your configuration. 
[2020-12-20 12:48:53.720] [DESKTOP-1TO8S67 simpleAdmin] [INFO ] [main]([org.springframework.context.annotation.ConfigurationClassPostProcessor:]) Cannot enhance @Configuration bean definition 'myAppTest1' since its singleton instance has been created too early. The typical cause is a non-static @Bean method with a BeanDefinitionRegistryPostProcessor return type: Consider declaring such methods as 'static'. 
[2020-12-20 12:48:59.854] [DESKTOP-1TO8S67 simpleAdmin] [INFO ] [main]([com.alibaba.druid.spring.boot.autoconfigure.DruidDataSourceAutoConfigure:]) Init DruidDataSource 
[2020-12-20 12:49:00.636] [DESKTOP-1TO8S67 simpleAdmin] [INFO ] [main]([com.alibaba.druid.pool.DruidDataSource:]) {dataSource-1} inited 
[2020-12-20 12:49:02.167] [DESKTOP-1TO8S67 simpleAdmin] [INFO ] [main]([liquibase.executor.jvm.JdbcExecutor:]) SELECT COUNT(*) FROM simpleadmin.DATABASECHANGELOGLOCK 
[2020-12-20 12:49:02.488] [DESKTOP-1TO8S67 simpleAdmin] [INFO ] [main]([liquibase.executor.jvm.JdbcExecutor:]) SELECT COUNT(*) FROM simpleadmin.DATABASECHANGELOGLOCK 
[2020-12-20 12:49:02.496] [DESKTOP-1TO8S67 simpleAdmin] [INFO ] [main]([liquibase.executor.jvm.JdbcExecutor:]) SELECT `LOCKED` FROM simpleadmin.DATABASECHANGELOGLOCK WHERE ID=1 
[2020-12-20 12:49:02.764] [DESKTOP-1TO8S67 simpleAdmin] [INFO ] [main]([liquibase.lockservice.StandardLockService:]) Successfully acquired change log lock 
[2020-12-20 12:49:03.590] [DESKTOP-1TO8S67 simpleAdmin] [INFO ] [main]([liquibase.executor.jvm.JdbcExecutor:]) SELECT MD5SUM FROM simpleadmin.DATABASECHANGELOG WHERE MD5SUM IS NOT NULL LIMIT 1 
[2020-12-20 12:49:03.629] [DESKTOP-1TO8S67 simpleAdmin] [INFO ] [main]([liquibase.executor.jvm.JdbcExecutor:]) SELECT COUNT(*) FROM simpleadmin.DATABASECHANGELOG 
[2020-12-20 12:49:03.633] [DESKTOP-1TO8S67 simpleAdmin] [INFO ] [main]([liquibase.changelog.StandardChangeLogHistoryService:]) Reading from simpleadmin.DATABASECHANGELOG 
[2020-12-20 12:49:03.633] [DESKTOP-1TO8S67 simpleAdmin] [INFO ] [main]([liquibase.executor.jvm.JdbcExecutor:]) SELECT * FROM simpleadmin.DATABASECHANGELOG ORDER BY DATEEXECUTED ASC, ORDEREXECUTED ASC 
[2020-12-20 12:49:03.704] [DESKTOP-1TO8S67 simpleAdmin] [INFO ] [main]([liquibase.lockservice.StandardLockService:]) Successfully released change log lock 
[2020-12-20 12:49:04.474] [DESKTOP-1TO8S67 simpleAdmin] [INFO ] [main]([com.scaffold.simple.admin.SimpleAdminService:]) Started SimpleAdminService in 14.578 seconds (JVM running for 19.395) 
[2020-12-20 12:49:04.483] [DESKTOP-1TO8S67 simpleAdmin] [INFO ] [Thread-8]([com.alibaba.druid.pool.DruidDataSource:]) {dataSource-1} closing ... 
[2020-12-20 12:49:04.488] [DESKTOP-1TO8S67 simpleAdmin] [INFO ] [Thread-8]([com.alibaba.druid.pool.DruidDataSource:]) {dataSource-1} closed 
[2020-12-20 12:50:07.902] [DESKTOP-1TO8S67 simpleAdmin] [INFO ] [main]([com.scaffold.simple.admin.SimpleAdminService:]) Starting SimpleAdminService on DESKTOP-1TO8S67 with PID 8784 (D:\github\simpleadmin\target\classes started by Administrator in D:\github\simpleadmin) 
[2020-12-20 12:50:07.909] [DESKTOP-1TO8S67 simpleAdmin] [INFO ] [main]([com.scaffold.simple.admin.SimpleAdminService:]) No active profile set, falling back to default profiles: default 
[2020-12-20 12:50:08.640] [DESKTOP-1TO8S67 simpleAdmin] [WARN ] [main]([org.mybatis.spring.mapper.ClassPathMapperScanner:]) No MyBatis mapper was found in '[com.scaffold.simple.admin]' package. Please check your configuration. 
[2020-12-20 12:50:08.740] [DESKTOP-1TO8S67 simpleAdmin] [INFO ] [main]([org.springframework.context.annotation.ConfigurationClassPostProcessor:]) Cannot enhance @Configuration bean definition 'myAppTest1' since its singleton instance has been created too early. The typical cause is a non-static @Bean method with a BeanDefinitionRegistryPostProcessor return type: Consider declaring such methods as 'static'. 
[2020-12-20 12:50:09.088] [DESKTOP-1TO8S67 simpleAdmin] [INFO ] [main]([com.alibaba.druid.spring.boot.autoconfigure.DruidDataSourceAutoConfigure:]) Init DruidDataSource 
[2020-12-20 12:50:09.417] [DESKTOP-1TO8S67 simpleAdmin] [INFO ] [main]([com.alibaba.druid.pool.DruidDataSource:]) {dataSource-1} inited 
[2020-12-20 12:50:10.750] [DESKTOP-1TO8S67 simpleAdmin] [INFO ] [main]([liquibase.executor.jvm.JdbcExecutor:]) SELECT COUNT(*) FROM simpleadmin.DATABASECHANGELOGLOCK 
[2020-12-20 12:50:10.756] [DESKTOP-1TO8S67 simpleAdmin] [INFO ] [main]([liquibase.executor.jvm.JdbcExecutor:]) SELECT COUNT(*) FROM simpleadmin.DATABASECHANGELOGLOCK 
[2020-12-20 12:50:10.759] [DESKTOP-1TO8S67 simpleAdmin] [INFO ] [main]([liquibase.executor.jvm.JdbcExecutor:]) SELECT `LOCKED` FROM simpleadmin.DATABASECHANGELOGLOCK WHERE ID=1 
[2020-12-20 12:50:10.856] [DESKTOP-1TO8S67 simpleAdmin] [INFO ] [main]([liquibase.lockservice.StandardLockService:]) Successfully acquired change log lock 
[2020-12-20 12:50:11.576] [DESKTOP-1TO8S67 simpleAdmin] [INFO ] [main]([liquibase.executor.jvm.JdbcExecutor:]) SELECT MD5SUM FROM simpleadmin.DATABASECHANGELOG WHERE MD5SUM IS NOT NULL LIMIT 1 
[2020-12-20 12:50:11.578] [DESKTOP-1TO8S67 simpleAdmin] [INFO ] [main]([liquibase.executor.jvm.JdbcExecutor:]) SELECT COUNT(*) FROM simpleadmin.DATABASECHANGELOG 
[2020-12-20 12:50:11.579] [DESKTOP-1TO8S67 simpleAdmin] [INFO ] [main]([liquibase.changelog.StandardChangeLogHistoryService:]) Reading from simpleadmin.DATABASECHANGELOG 
[2020-12-20 12:50:11.580] [DESKTOP-1TO8S67 simpleAdmin] [INFO ] [main]([liquibase.executor.jvm.JdbcExecutor:]) SELECT * FROM simpleadmin.DATABASECHANGELOG ORDER BY DATEEXECUTED ASC, ORDEREXECUTED ASC 
[2020-12-20 12:50:11.634] [DESKTOP-1TO8S67 simpleAdmin] [INFO ] [main]([liquibase.lockservice.StandardLockService:]) Successfully released change log lock 
[2020-12-20 12:50:12.105] [DESKTOP-1TO8S67 simpleAdmin] [INFO ] [main]([com.scaffold.simple.admin.SimpleAdminService:]) Started SimpleAdminService in 5.413 seconds (JVM running for 7.912) 
[2020-12-20 12:50:12.119] [DESKTOP-1TO8S67 simpleAdmin] [INFO ] [Thread-5]([com.alibaba.druid.pool.DruidDataSource:]) {dataSource-1} closing ... 
[2020-12-20 12:50:12.126] [DESKTOP-1TO8S67 simpleAdmin] [INFO ] [Thread-5]([com.alibaba.druid.pool.DruidDataSource:]) {dataSource-1} closed 
[2020-12-20 15:03:04.687] [DESKTOP-1TO8S67 simpleAdmin] [INFO ] [main]([com.scaffold.simple.admin.SimpleAdminService:]) Starting SimpleAdminService on DESKTOP-1TO8S67 with PID 7804 (D:\github\simpleadmin\target\classes started by Administrator in D:\github\simpleadmin) 
[2020-12-20 15:03:04.704] [DESKTOP-1TO8S67 simpleAdmin] [INFO ] [main]([com.scaffold.simple.admin.SimpleAdminService:]) No active profile set, falling back to default profiles: default 
[2020-12-20 15:03:06.095] [DESKTOP-1TO8S67 simpleAdmin] [WARN ] [main]([org.mybatis.spring.mapper.ClassPathMapperScanner:]) No MyBatis mapper was found in '[com.scaffold.simple.admin]' package. Please check your configuration. 
[2020-12-20 15:03:06.222] [DESKTOP-1TO8S67 simpleAdmin] [INFO ] [main]([org.springframework.context.annotation.ConfigurationClassPostProcessor:]) Cannot enhance @Configuration bean definition 'myAppTest1' since its singleton instance has been created too early. The typical cause is a non-static @Bean method with a BeanDefinitionRegistryPostProcessor return type: Consider declaring such methods as 'static'. 
[2020-12-20 15:03:06.580] [DESKTOP-1TO8S67 simpleAdmin] [INFO ] [main]([com.alibaba.druid.spring.boot.autoconfigure.DruidDataSourceAutoConfigure:]) Init DruidDataSource 
[2020-12-20 15:03:07.128] [DESKTOP-1TO8S67 simpleAdmin] [INFO ] [main]([com.alibaba.druid.pool.DruidDataSource:]) {dataSource-1} inited 
[2020-12-20 15:03:08.591] [DESKTOP-1TO8S67 simpleAdmin] [INFO ] [main]([liquibase.executor.jvm.JdbcExecutor:]) SELECT COUNT(*) FROM simpleadmin.DATABASECHANGELOGLOCK 
[2020-12-20 15:03:08.645] [DESKTOP-1TO8S67 simpleAdmin] [INFO ] [main]([liquibase.executor.jvm.JdbcExecutor:]) SELECT COUNT(*) FROM simpleadmin.DATABASECHANGELOGLOCK 
[2020-12-20 15:03:08.663] [DESKTOP-1TO8S67 simpleAdmin] [INFO ] [main]([liquibase.executor.jvm.JdbcExecutor:]) SELECT `LOCKED` FROM simpleadmin.DATABASECHANGELOGLOCK WHERE ID=1 
[2020-12-20 15:03:08.800] [DESKTOP-1TO8S67 simpleAdmin] [INFO ] [main]([liquibase.lockservice.StandardLockService:]) Successfully acquired change log lock 
[2020-12-20 15:03:09.639] [DESKTOP-1TO8S67 simpleAdmin] [INFO ] [main]([liquibase.executor.jvm.JdbcExecutor:]) SELECT MD5SUM FROM simpleadmin.DATABASECHANGELOG WHERE MD5SUM IS NOT NULL LIMIT 1 
[2020-12-20 15:03:09.641] [DESKTOP-1TO8S67 simpleAdmin] [INFO ] [main]([liquibase.executor.jvm.JdbcExecutor:]) SELECT COUNT(*) FROM simpleadmin.DATABASECHANGELOG 
[2020-12-20 15:03:09.645] [DESKTOP-1TO8S67 simpleAdmin] [INFO ] [main]([liquibase.changelog.StandardChangeLogHistoryService:]) Reading from simpleadmin.DATABASECHANGELOG 
[2020-12-20 15:03:09.645] [DESKTOP-1TO8S67 simpleAdmin] [INFO ] [main]([liquibase.executor.jvm.JdbcExecutor:]) SELECT * FROM simpleadmin.DATABASECHANGELOG ORDER BY DATEEXECUTED ASC, ORDEREXECUTED ASC 
[2020-12-20 15:03:09.702] [DESKTOP-1TO8S67 simpleAdmin] [INFO ] [main]([liquibase.lockservice.StandardLockService:]) Successfully released change log lock 
[2020-12-20 15:03:10.354] [DESKTOP-1TO8S67 simpleAdmin] [INFO ] [main]([com.scaffold.simple.admin.SimpleAdminService:]) Started SimpleAdminService in 7.442 seconds (JVM running for 10.005) 
[2020-12-20 15:03:10.365] [DESKTOP-1TO8S67 simpleAdmin] [INFO ] [Thread-2]([com.alibaba.druid.pool.DruidDataSource:]) {dataSource-1} closing ... 
[2020-12-20 15:03:10.370] [DESKTOP-1TO8S67 simpleAdmin] [INFO ] [Thread-2]([com.alibaba.druid.pool.DruidDataSource:]) {dataSource-1} closed 
[2020-12-20 15:37:15.739] [DESKTOP-1TO8S67 simpleAdmin] [INFO ] [main]([com.scaffold.simple.admin.SimpleAdminService:]) Starting SimpleAdminService on DESKTOP-1TO8S67 with PID 19096 (D:\github\simpleadmin\target\classes started by Administrator in D:\github\simpleadmin) 
[2020-12-20 15:37:15.802] [DESKTOP-1TO8S67 simpleAdmin] [INFO ] [main]([com.scaffold.simple.admin.SimpleAdminService:]) No active profile set, falling back to default profiles: default 
[2020-12-20 15:40:45.685] [DESKTOP-1TO8S67 simpleAdmin] [WARN ] [main]([org.mybatis.spring.mapper.ClassPathMapperScanner:]) No MyBatis mapper was found in '[com.scaffold.simple.admin]' package. Please check your configuration. 
[2020-12-20 15:40:46.137] [DESKTOP-1TO8S67 simpleAdmin] [INFO ] [main]([org.springframework.context.annotation.ConfigurationClassPostProcessor:]) Cannot enhance @Configuration bean definition 'myAppTest1' since its singleton instance has been created too early. The typical cause is a non-static @Bean method with a BeanDefinitionRegistryPostProcessor return type: Consider declaring such methods as 'static'. 
[2020-12-20 15:40:59.077] [DESKTOP-1TO8S67 simpleAdmin] [INFO ] [main]([com.alibaba.druid.spring.boot.autoconfigure.DruidDataSourceAutoConfigure:]) Init DruidDataSource 
[2020-12-20 15:41:00.865] [DESKTOP-1TO8S67 simpleAdmin] [INFO ] [main]([com.alibaba.druid.pool.DruidDataSource:]) {dataSource-1} inited 
[2020-12-20 15:41:09.212] [DESKTOP-1TO8S67 simpleAdmin] [INFO ] [main]([liquibase.executor.jvm.JdbcExecutor:]) SELECT COUNT(*) FROM simpleadmin.DATABASECHANGELOGLOCK 
[2020-12-20 15:41:09.248] [DESKTOP-1TO8S67 simpleAdmin] [INFO ] [main]([liquibase.executor.jvm.JdbcExecutor:]) SELECT COUNT(*) FROM simpleadmin.DATABASECHANGELOGLOCK 
[2020-12-20 15:41:09.270] [DESKTOP-1TO8S67 simpleAdmin] [INFO ] [main]([liquibase.executor.jvm.JdbcExecutor:]) SELECT `LOCKED` FROM simpleadmin.DATABASECHANGELOGLOCK WHERE ID=1 
[2020-12-20 15:41:09.633] [DESKTOP-1TO8S67 simpleAdmin] [INFO ] [main]([liquibase.lockservice.StandardLockService:]) Successfully acquired change log lock 
[2020-12-20 15:41:13.456] [DESKTOP-1TO8S67 simpleAdmin] [INFO ] [main]([liquibase.executor.jvm.JdbcExecutor:]) SELECT MD5SUM FROM simpleadmin.DATABASECHANGELOG WHERE MD5SUM IS NOT NULL LIMIT 1 
[2020-12-20 15:41:13.463] [DESKTOP-1TO8S67 simpleAdmin] [INFO ] [main]([liquibase.executor.jvm.JdbcExecutor:]) SELECT COUNT(*) FROM simpleadmin.DATABASECHANGELOG 
[2020-12-20 15:41:13.465] [DESKTOP-1TO8S67 simpleAdmin] [INFO ] [main]([liquibase.changelog.StandardChangeLogHistoryService:]) Reading from simpleadmin.DATABASECHANGELOG 
[2020-12-20 15:41:13.466] [DESKTOP-1TO8S67 simpleAdmin] [INFO ] [main]([liquibase.executor.jvm.JdbcExecutor:]) SELECT * FROM simpleadmin.DATABASECHANGELOG ORDER BY DATEEXECUTED ASC, ORDEREXECUTED ASC 
[2020-12-20 15:41:13.649] [DESKTOP-1TO8S67 simpleAdmin] [INFO ] [main]([liquibase.lockservice.StandardLockService:]) Successfully released change log lock 
[2020-12-20 15:41:22.988] [DESKTOP-1TO8S67 simpleAdmin] [INFO ] [main]([com.scaffold.simple.admin.SimpleAdminService:]) Started SimpleAdminService in 259.017 seconds (JVM running for 262.786) 
[2020-12-20 15:41:31.256] [DESKTOP-1TO8S67 simpleAdmin] [INFO ] [Thread-109]([com.alibaba.druid.pool.DruidDataSource:]) {dataSource-1} closing ... 
[2020-12-20 15:41:31.292] [DESKTOP-1TO8S67 simpleAdmin] [INFO ] [Thread-109]([com.alibaba.druid.pool.DruidDataSource:]) {dataSource-1} closed 
[2020-12-20 15:43:44.946] [DESKTOP-1TO8S67 simpleAdmin] [INFO ] [main]([com.scaffold.simple.admin.SimpleAdminService:]) Starting SimpleAdminService on DESKTOP-1TO8S67 with PID 15124 (D:\github\simpleadmin\target\classes started by Administrator in D:\github\simpleadmin) 
[2020-12-20 15:43:45.028] [DESKTOP-1TO8S67 simpleAdmin] [INFO ] [main]([com.scaffold.simple.admin.SimpleAdminService:]) No active profile set, falling back to default profiles: default 
[2020-12-20 15:49:59.155] [DESKTOP-1TO8S67 simpleAdmin] [WARN ] [main]([org.mybatis.spring.mapper.ClassPathMapperScanner:]) No MyBatis mapper was found in '[com.scaffold.simple.admin]' package. Please check your configuration. 
[2020-12-20 15:49:59.262] [DESKTOP-1TO8S67 simpleAdmin] [INFO ] [main]([org.springframework.context.annotation.ConfigurationClassPostProcessor:]) Cannot enhance @Configuration bean definition 'myAppTest1' since its singleton instance has been created too early. The typical cause is a non-static @Bean method with a BeanDefinitionRegistryPostProcessor return type: Consider declaring such methods as 'static'. 
[2020-12-20 15:50:05.124] [DESKTOP-1TO8S67 simpleAdmin] [INFO ] [main]([com.alibaba.druid.spring.boot.autoconfigure.DruidDataSourceAutoConfigure:]) Init DruidDataSource 
[2020-12-20 15:50:05.445] [DESKTOP-1TO8S67 simpleAdmin] [INFO ] [main]([com.alibaba.druid.pool.DruidDataSource:]) {dataSource-1} inited 
[2020-12-20 15:50:06.719] [DESKTOP-1TO8S67 simpleAdmin] [INFO ] [main]([liquibase.executor.jvm.JdbcExecutor:]) SELECT COUNT(*) FROM simpleadmin.DATABASECHANGELOGLOCK 
[2020-12-20 15:50:06.728] [DESKTOP-1TO8S67 simpleAdmin] [INFO ] [main]([liquibase.executor.jvm.JdbcExecutor:]) SELECT COUNT(*) FROM simpleadmin.DATABASECHANGELOGLOCK 
[2020-12-20 15:50:06.734] [DESKTOP-1TO8S67 simpleAdmin] [INFO ] [main]([liquibase.executor.jvm.JdbcExecutor:]) SELECT `LOCKED` FROM simpleadmin.DATABASECHANGELOGLOCK WHERE ID=1 
[2020-12-20 15:50:06.854] [DESKTOP-1TO8S67 simpleAdmin] [INFO ] [main]([liquibase.lockservice.StandardLockService:]) Successfully acquired change log lock 
[2020-12-20 15:50:07.518] [DESKTOP-1TO8S67 simpleAdmin] [INFO ] [main]([liquibase.executor.jvm.JdbcExecutor:]) SELECT MD5SUM FROM simpleadmin.DATABASECHANGELOG WHERE MD5SUM IS NOT NULL LIMIT 1 
[2020-12-20 15:50:07.528] [DESKTOP-1TO8S67 simpleAdmin] [INFO ] [main]([liquibase.executor.jvm.JdbcExecutor:]) SELECT COUNT(*) FROM simpleadmin.DATABASECHANGELOG 
[2020-12-20 15:50:07.540] [DESKTOP-1TO8S67 simpleAdmin] [INFO ] [main]([liquibase.changelog.StandardChangeLogHistoryService:]) Reading from simpleadmin.DATABASECHANGELOG 
[2020-12-20 15:50:07.540] [DESKTOP-1TO8S67 simpleAdmin] [INFO ] [main]([liquibase.executor.jvm.JdbcExecutor:]) SELECT * FROM simpleadmin.DATABASECHANGELOG ORDER BY DATEEXECUTED ASC, ORDEREXECUTED ASC 
[2020-12-20 15:50:07.604] [DESKTOP-1TO8S67 simpleAdmin] [INFO ] [main]([liquibase.lockservice.StandardLockService:]) Successfully released change log lock 
[2020-12-20 15:50:08.070] [DESKTOP-1TO8S67 simpleAdmin] [INFO ] [main]([com.scaffold.simple.admin.SimpleAdminService:]) Started SimpleAdminService in 392.373 seconds (JVM running for 395.734) 
[2020-12-20 15:50:08.079] [DESKTOP-1TO8S67 simpleAdmin] [INFO ] [Thread-40]([com.alibaba.druid.pool.DruidDataSource:]) {dataSource-1} closing ... 
[2020-12-20 15:50:08.085] [DESKTOP-1TO8S67 simpleAdmin] [INFO ] [Thread-40]([com.alibaba.druid.pool.DruidDataSource:]) {dataSource-1} closed 
